\BOOKMARK [1][-]{section.1}{Introduction}{}% 1
\BOOKMARK [1][-]{section.2}{D\351finition du besoin}{}% 2
\BOOKMARK [2][-]{subsection.2.1}{Besoin}{section.2}% 3
\BOOKMARK [2][-]{subsection.2.2}{Pr\351cision du besoin}{section.2}% 4
\BOOKMARK [1][-]{section.3}{\311tude du besoin}{}% 5
\BOOKMARK [2][-]{subsection.3.1}{Analyse du besoin}{section.3}% 6
\BOOKMARK [3][-]{subsubsection.3.1.1}{Pour le circuit}{subsection.3.1}% 7
\BOOKMARK [3][-]{subsubsection.3.1.2}{Pour le robot}{subsection.3.1}% 8
\BOOKMARK [2][-]{subsection.3.2}{Diagrammes des cas d'utilisation}{section.3}% 9
\BOOKMARK [3][-]{subsubsection.3.2.1}{Pour le circuit}{subsection.3.2}% 10
\BOOKMARK [3][-]{subsubsection.3.2.2}{Pour le robot}{subsection.3.2}% 11
\BOOKMARK [1][-]{section.4}{\311laboration d'une solution}{}% 12
\BOOKMARK [2][-]{subsection.4.1}{Circuit}{section.4}% 13
\BOOKMARK [3][-]{subsubsection.4.1.1}{Structure}{subsection.4.1}% 14
\BOOKMARK [3][-]{subsubsection.4.1.2}{Feux}{subsection.4.1}% 15
\BOOKMARK [3][-]{subsubsection.4.1.3}{Capteurs}{subsection.4.1}% 16
\BOOKMARK [2][-]{subsection.4.2}{Robot}{section.4}% 17
\BOOKMARK [3][-]{subsubsection.4.2.1}{Suivi de trajectoire}{subsection.4.2}% 18
\BOOKMARK [3][-]{subsubsection.4.2.2}{D\351tection d'obstacles et de de signalisation}{subsection.4.2}% 19
\BOOKMARK [3][-]{subsubsection.4.2.3}{Impl\351mentation mat\351rielle}{subsection.4.2}% 20
\BOOKMARK [4][-]{paragraph.4.2.3.1}{Propulsion et direction}{subsubsection.4.2.3}% 21
\BOOKMARK [4][-]{paragraph.4.2.3.2}{Controleur}{subsubsection.4.2.3}% 22
\BOOKMARK [4][-]{paragraph.4.2.3.3}{Suivi de ligne}{subsubsection.4.2.3}% 23
\BOOKMARK [4][-]{paragraph.4.2.3.4}{Acquisition d'images}{subsubsection.4.2.3}% 24
\BOOKMARK [4][-]{paragraph.4.2.3.5}{\311valuation des distances}{subsubsection.4.2.3}% 25
\BOOKMARK [4][-]{paragraph.4.2.3.6}{Signalisation de ses intentions}{subsubsection.4.2.3}% 26
\BOOKMARK [4][-]{paragraph.4.2.3.7}{Interaction avec l'utilisateur}{subsubsection.4.2.3}% 27
\BOOKMARK [4][-]{paragraph.4.2.3.8}{Batterie}{subsubsection.4.2.3}% 28
\BOOKMARK [3][-]{subsubsection.4.2.4}{Impl\351mentation logicielle}{subsection.4.2}% 29
\BOOKMARK [4][-]{paragraph.4.2.4.1}{Suivi de ligne}{subsubsection.4.2.4}% 30
\BOOKMARK [4][-]{paragraph.4.2.4.2}{Reconnaissance d'image}{subsubsection.4.2.4}% 31
\BOOKMARK [1][-]{section.5}{Int\351gration}{}% 32
\BOOKMARK [2][-]{subsection.5.1}{Circuit}{section.5}% 33
\BOOKMARK [3][-]{subsubsection.5.1.1}{Int\351gration Mat\351rielle}{subsection.5.1}% 34
\BOOKMARK [4][-]{paragraph.5.1.1.1}{Circuit en lui-m\352me}{subsubsection.5.1.1}% 35
\BOOKMARK [4][-]{paragraph.5.1.1.2}{Carte \351lectronique}{subsubsection.5.1.1}% 36
\BOOKMARK [3][-]{subsubsection.5.1.2}{Int\351gration Logicielle}{subsection.5.1}% 37
\BOOKMARK [2][-]{subsection.5.2}{Robot}{section.5}% 38
\BOOKMARK [3][-]{subsubsection.5.2.1}{Int\351gration Mat\351rielle}{subsection.5.2}% 39
\BOOKMARK [4][-]{paragraph.5.2.1.1}{Ensembles propulsifs}{subsubsection.5.2.1}% 40
\BOOKMARK [4][-]{paragraph.5.2.1.2}{Carte R\351flecteurs Optiques}{subsubsection.5.2.1}% 41
\BOOKMARK [4][-]{paragraph.5.2.1.3}{Carte-M\350re}{subsubsection.5.2.1}% 42
\BOOKMARK [4][-]{paragraph.5.2.1.4}{Structure du robot}{subsubsection.5.2.1}% 43
\BOOKMARK [4][-]{paragraph.5.2.1.5}{Int\351gration globale, maquette num\351rique}{subsubsection.5.2.1}% 44
\BOOKMARK [3][-]{subsubsection.5.2.2}{Int\351gration Logicielle}{subsection.5.2}% 45
\BOOKMARK [2][-]{subsection.5.3}{Synth\350se}{section.5}% 46
\BOOKMARK [1][-]{section.6}{Estimation du co\373t de mise en place et faisabilit\351}{}% 47
\BOOKMARK [2][-]{subsection.6.1}{Fournitures}{section.6}% 48
\BOOKMARK [2][-]{subsection.6.2}{Volume de travail}{section.6}% 49
\BOOKMARK [1][-]{section.7}{Suivi de projet}{}% 50
\BOOKMARK [1][-]{section.8}{Conclusion et aper\347u des \351volutions possibles}{}% 51
\BOOKMARK [1][-]{section*.55}{Annexes}{}% 52
\BOOKMARK [2][-]{subsection.8.1}{Carte Circuit}{section*.55}% 53
\BOOKMARK [3][-]{subsubsection.8.1.1}{Sch\351ma \351lectronique}{subsection.8.1}% 54
\BOOKMARK [3][-]{subsubsection.8.1.2}{Gerbers}{subsection.8.1}% 55
\BOOKMARK [2][-]{subsection.8.2}{Carte R\351flecteurs Optiques}{section*.55}% 56
\BOOKMARK [3][-]{subsubsection.8.2.1}{Sch\351ma \351lectronique}{subsection.8.2}% 57
\BOOKMARK [3][-]{subsubsection.8.2.2}{Gerbers}{subsection.8.2}% 58
\BOOKMARK [2][-]{subsection.8.3}{Carte M\350re}{section*.55}% 59
\BOOKMARK [3][-]{subsubsection.8.3.1}{Sch\351ma \351lectronique}{subsection.8.3}% 60
\BOOKMARK [3][-]{subsubsection.8.3.2}{Gerbers}{subsection.8.3}% 61
\BOOKMARK [2][-]{subsection.8.4}{Dessins Techniques structure}{section*.55}% 62
\BOOKMARK [3][-]{subsubsection.8.4.1}{Chassis arri\350re}{subsection.8.4}% 63
\BOOKMARK [3][-]{subsubsection.8.4.2}{Chassis avant}{subsection.8.4}% 64
\BOOKMARK [3][-]{subsubsection.8.4.3}{Chassis droit}{subsection.8.4}% 65
\BOOKMARK [3][-]{subsubsection.8.4.4}{Chassis gauche}{subsection.8.4}% 66
\BOOKMARK [3][-]{subsubsection.8.4.5}{Fond}{subsection.8.4}% 67
\BOOKMARK [3][-]{subsubsection.8.4.6}{Montant arri\350re-droit}{subsection.8.4}% 68
\BOOKMARK [3][-]{subsubsection.8.4.7}{Montant arri\350re-gauche}{subsection.8.4}% 69
\BOOKMARK [3][-]{subsubsection.8.4.8}{Montant avant-droit}{subsection.8.4}% 70
\BOOKMARK [3][-]{subsubsection.8.4.9}{Montant avant-gauche}{subsection.8.4}% 71
\BOOKMARK [3][-]{subsubsection.8.4.10}{Support Webcam}{subsection.8.4}% 72
\BOOKMARK [3][-]{subsubsection.8.4.11}{Support R\351flecteurs}{subsection.8.4}% 73
\BOOKMARK [2][-]{subsection.8.5}{Devis mat\351riel}{section*.55}% 74
\BOOKMARK [3][-]{subsubsection.8.5.1}{Devis global}{subsection.8.5}% 75
\BOOKMARK [3][-]{subsubsection.8.5.2}{Devis pour un robot}{subsection.8.5}% 76
\BOOKMARK [4][-]{paragraph.8.5.2.1}{Devis pour la carte-m\350re}{subsubsection.8.5.2}% 77
\BOOKMARK [4][-]{paragraph.8.5.2.2}{Devis pour la care r\351flecteurs}{subsubsection.8.5.2}% 78
\BOOKMARK [3][-]{subsubsection.8.5.3}{Devis pour le circuit}{subsection.8.5}% 79
\BOOKMARK [4][-]{paragraph.8.5.3.1}{Devis pour la carte du circuit}{subsubsection.8.5.3}% 80
\BOOKMARK [2][-]{subsection.8.6}{Diagramme de Gantt}{section*.55}% 81
\BOOKMARK [2][-]{subsection.8.7}{Diagramme de Gantt}{section*.55}% 82
\BOOKMARK [1][-]{section*.80}{R\351f\351rences}{}% 83
\BOOKMARK [2][-]{section*.81}{Nomenclature}{section*.80}% 84
\BOOKMARK [2][-]{section*.82}{Bibliographie}{section*.80}% 85
\BOOKMARK [2][-]{section*.83}{Table des illustrations}{section*.80}% 86
\BOOKMARK [1][-]{section*.84}{Abstract}{}% 87
